client/src/App.tsx(4,32): error TS2307: Cannot find module 'react-i18next' or its corresponding type declarations.
client/src/components/AppointmentForm.tsx(9,32): error TS2307: Cannot find module 'react-i18next' or its corresponding type declarations.
client/src/components/BackButton.tsx(2,29): error TS2307: Cannot find module 'wouter' or its corresponding type declarations.
client/src/components/BackButton.tsx(14,7): error TS2322: Type '{ children: (string | Element)[]; variant: string; size: string; className: string; onClick: () => void; "aria-label": string; }' is not assignable to type 'IntrinsicAttributes & ButtonProps & RefAttributes<HTMLButtonElement>'.
  Property 'variant' does not exist on type 'IntrinsicAttributes & ButtonProps & RefAttributes<HTMLButtonElement>'.
client/src/components/Footer.tsx(1,22): error TS2307: Cannot find module 'wouter' or its corresponding type declarations.
client/src/components/Footer.tsx(2,32): error TS2307: Cannot find module 'react-i18next' or its corresponding type declarations.
client/src/components/Header.tsx(2,35): error TS2307: Cannot find module 'wouter' or its corresponding type declarations.
client/src/components/Header.tsx(58,11): error TS2322: Type '{ children: Element; variant: string; size: string; onClick: () => void; className: string; "aria-label": string; "aria-expanded": boolean; "aria-controls": string; }' is not assignable to type 'IntrinsicAttributes & ButtonProps & RefAttributes<HTMLButtonElement>'.
  Property 'variant' does not exist on type 'IntrinsicAttributes & ButtonProps & RefAttributes<HTMLButtonElement>'.
client/src/components/LanguageSwitcher.tsx(1,32): error TS2307: Cannot find module 'react-i18next' or its corresponding type declarations.
client/src/components/LanguageSwitcher.tsx(107,36): error TS18048: 'currentLang' is possibly 'undefined'.
client/src/components/LanguageSwitcher.tsx(108,16): error TS18048: 'currentLang' is possibly 'undefined'.
client/src/components/Map.tsx(157,31): error TS2322: Type '{ children: Element; asChild: true; variant: string; }' is not assignable to type 'IntrinsicAttributes & ButtonProps & RefAttributes<HTMLButtonElement>'.
  Property 'variant' does not exist on type 'IntrinsicAttributes & ButtonProps & RefAttributes<HTMLButtonElement>'.
client/src/components/ServiceDetailCard.tsx(2,50): error TS2307: Cannot find module '@/types' or its corresponding type declarations.
client/src/components/ui/accordion.tsx(2,37): error TS2307: Cannot find module '@radix-ui/react-accordion' or its corresponding type declarations.
client/src/components/ui/alert-dialog.tsx(2,39): error TS2307: Cannot find module '@radix-ui/react-alert-dialog' or its corresponding type declarations.
client/src/components/ui/alert.tsx(2,40): error TS2307: Cannot find module 'class-variance-authority' or its corresponding type declarations.
client/src/components/ui/aspect-ratio.tsx(1,39): error TS2307: Cannot find module '@radix-ui/react-aspect-ratio' or its corresponding type declarations.
client/src/components/ui/avatar.tsx(4,34): error TS2307: Cannot find module '@radix-ui/react-avatar' or its corresponding type declarations.
client/src/components/ui/badge.tsx(2,40): error TS2307: Cannot find module 'class-variance-authority' or its corresponding type declarations.
client/src/components/ui/badge.tsx(29,29): error TS2339: Property 'variant' does not exist on type 'BadgeProps'.
client/src/components/ui/breadcrumb.tsx(2,22): error TS2307: Cannot find module '@radix-ui/react-slot' or its corresponding type declarations.
client/src/components/ui/button.tsx(2,22): error TS2307: Cannot find module '@radix-ui/react-slot' or its corresponding type declarations.
client/src/components/ui/button.tsx(3,40): error TS2307: Cannot find module 'class-variance-authority' or its corresponding type declarations.
client/src/components/ui/button.tsx(40,17): error TS2339: Property 'variant' does not exist on type 'ButtonProps'.
client/src/components/ui/button.tsx(40,26): error TS2339: Property 'size' does not exist on type 'ButtonProps'.
client/src/components/ui/calendar.tsx(3,27): error TS2307: Cannot find module 'react-day-picker' or its corresponding type declarations.
client/src/components/ui/calendar.tsx(48,22): error TS7031: Binding element 'className' implicitly has an 'any' type.
client/src/components/ui/calendar.tsx(51,23): error TS7031: Binding element 'className' implicitly has an 'any' type.
client/src/components/ui/carousel.tsx(2,61): error TS2307: Cannot find module 'embla-carousel-react' or its corresponding type declarations.
client/src/components/ui/carousel.tsx(178,17): error TS2339: Property 'variant' does not exist on type 'Omit<ButtonProps & RefAttributes<HTMLButtonElement>, "ref">'.
client/src/components/ui/carousel.tsx(178,38): error TS2339: Property 'size' does not exist on type 'Omit<ButtonProps & RefAttributes<HTMLButtonElement>, "ref">'.
client/src/components/ui/carousel.tsx(184,9): error TS2375: Type '{ children: Element[]; hidden?: boolean | undefined; form?: string | undefined; slot?: string | undefined; style?: CSSProperties | undefined; title?: string | undefined; ... 272 more ...; className: any; }' is not assignable to type 'IntrinsicAttributes & ButtonProps & RefAttributes<HTMLButtonElement>' with 'exactOptionalPropertyTypes: true'. Consider adding 'undefined' to the types of the target's properties.
  Property 'variant' does not exist on type 'IntrinsicAttributes & ButtonProps & RefAttributes<HTMLButtonElement>'.
client/src/components/ui/carousel.tsx(206,17): error TS2339: Property 'variant' does not exist on type 'Omit<ButtonProps & RefAttributes<HTMLButtonElement>, "ref">'.
client/src/components/ui/carousel.tsx(206,38): error TS2339: Property 'size' does not exist on type 'Omit<ButtonProps & RefAttributes<HTMLButtonElement>, "ref">'.
client/src/components/ui/carousel.tsx(212,9): error TS2375: Type '{ children: Element[]; hidden?: boolean | undefined; form?: string | undefined; slot?: string | undefined; style?: CSSProperties | undefined; title?: string | undefined; ... 272 more ...; className: any; }' is not assignable to type 'IntrinsicAttributes & ButtonProps & RefAttributes<HTMLButtonElement>' with 'exactOptionalPropertyTypes: true'. Consider adding 'undefined' to the types of the target's properties.
  Property 'variant' does not exist on type 'IntrinsicAttributes & ButtonProps & RefAttributes<HTMLButtonElement>'.
client/src/components/ui/chart.tsx(4,36): error TS2307: Cannot find module 'recharts' or its corresponding type declarations.
client/src/components/ui/chart.tsx(170,25): error TS7006: Parameter 'item' implicitly has an 'any' type.
client/src/components/ui/chart.tsx(170,31): error TS7006: Parameter 'index' implicitly has an 'any' type.
client/src/components/ui/chart.tsx(266,20): error TS7006: Parameter 'item' implicitly has an 'any' type.
client/src/components/ui/checkbox.tsx(2,36): error TS2307: Cannot find module '@radix-ui/react-checkbox' or its corresponding type declarations.
client/src/components/ui/collapsible.tsx(3,39): error TS2307: Cannot find module '@radix-ui/react-collapsible' or its corresponding type declarations.
client/src/components/ui/command.tsx(2,34): error TS2307: Cannot find module '@radix-ui/react-dialog' or its corresponding type declarations.
client/src/components/ui/command.tsx(3,45): error TS2307: Cannot find module 'cmdk' or its corresponding type declarations.
client/src/components/ui/context-menu.tsx(2,39): error TS2307: Cannot find module '@radix-ui/react-context-menu' or its corresponding type declarations.
client/src/components/ui/dialog.tsx(4,34): error TS2307: Cannot find module '@radix-ui/react-dialog' or its corresponding type declarations.
client/src/components/ui/drawer.tsx(4,43): error TS2307: Cannot find module 'vaul' or its corresponding type declarations.
client/src/components/ui/dropdown-menu.tsx(2,40): error TS2307: Cannot find module '@radix-ui/react-dropdown-menu' or its corresponding type declarations.
client/src/components/ui/form.tsx(4,33): error TS2307: Cannot find module '@radix-ui/react-label' or its corresponding type declarations.
client/src/components/ui/form.tsx(5,22): error TS2307: Cannot find module '@radix-ui/react-slot' or its corresponding type declarations.
client/src/components/ui/hover-card.tsx(4,37): error TS2307: Cannot find module '@radix-ui/react-hover-card' or its corresponding type declarations.
client/src/components/ui/input-otp.tsx(2,43): error TS2307: Cannot find module 'input-otp' or its corresponding type declarations.
client/src/components/ui/input-otp.tsx(36,44): error TS18046: 'inputOTPContext' is of type 'unknown'.
client/src/components/ui/label.tsx(2,33): error TS2307: Cannot find module '@radix-ui/react-label' or its corresponding type declarations.
client/src/components/ui/label.tsx(3,40): error TS2307: Cannot find module 'class-variance-authority' or its corresponding type declarations.
client/src/components/ui/menubar.tsx(4,35): error TS2307: Cannot find module '@radix-ui/react-menubar' or its corresponding type declarations.
client/src/components/ui/navigation-menu.tsx(2,42): error TS2307: Cannot find module '@radix-ui/react-navigation-menu' or its corresponding type declarations.
client/src/components/ui/navigation-menu.tsx(3,21): error TS2307: Cannot find module 'class-variance-authority' or its corresponding type declarations.
client/src/components/ui/pagination.tsx(31,23): error TS2344: Type '"size"' does not satisfy the constraint 'keyof ButtonProps'.
client/src/components/ui/pagination.tsx(55,5): error TS2783: 'size' is specified more than once, so this usage will be overwritten.
client/src/components/ui/pagination.tsx(68,5): error TS2783: 'size' is specified more than once, so this usage will be overwritten.
client/src/components/ui/popover.tsx(2,35): error TS2307: Cannot find module '@radix-ui/react-popover' or its corresponding type declarations.
client/src/components/ui/progress.tsx(4,36): error TS2307: Cannot find module '@radix-ui/react-progress' or its corresponding type declarations.
client/src/components/ui/radio-group.tsx(2,38): error TS2307: Cannot find module '@radix-ui/react-radio-group' or its corresponding type declarations.
client/src/components/ui/resizable.tsx(4,37): error TS2307: Cannot find module 'react-resizable-panels' or its corresponding type declarations.
client/src/components/ui/scroll-area.tsx(2,38): error TS2307: Cannot find module '@radix-ui/react-scroll-area' or its corresponding type declarations.
client/src/components/ui/select.tsx(4,34): error TS2307: Cannot find module '@radix-ui/react-select' or its corresponding type declarations.
client/src/components/ui/separator.tsx(2,37): error TS2307: Cannot find module '@radix-ui/react-separator' or its corresponding type declarations.
client/src/components/ui/sheet.tsx(4,33): error TS2307: Cannot find module '@radix-ui/react-dialog' or its corresponding type declarations.
client/src/components/ui/sheet.tsx(5,40): error TS2307: Cannot find module 'class-variance-authority' or its corresponding type declarations.
client/src/components/ui/sheet.tsx(59,6): error TS2339: Property 'side' does not exist on type 'SheetContentProps'.
client/src/components/ui/sheet.tsx(59,22): error TS2339: Property 'className' does not exist on type 'SheetContentProps'.
client/src/components/ui/sheet.tsx(59,33): error TS2339: Property 'children' does not exist on type 'SheetContentProps'.
client/src/components/ui/sidebar.tsx(2,22): error TS2307: Cannot find module '@radix-ui/react-slot' or its corresponding type declarations.
client/src/components/ui/sidebar.tsx(3,35): error TS2307: Cannot find module 'class-variance-authority' or its corresponding type declarations.
client/src/components/ui/sidebar.tsx(192,12): error TS2322: Type '{ children: Element[]; "data-sidebar": string; "data-mobile": string; className: string; style: CSSProperties; side: "right" | "left"; }' is not assignable to type 'IntrinsicAttributes & SheetContentProps & RefAttributes<any>'.
  Property 'children' does not exist on type 'IntrinsicAttributes & SheetContentProps & RefAttributes<any>'.
client/src/components/ui/sidebar.tsx(270,7): error TS2375: Type '{ children: Element[]; hidden?: boolean | undefined; form?: string | undefined; slot?: string | undefined; style?: CSSProperties | undefined; title?: string | undefined; ... 273 more ...; onClick: (event: MouseEvent<...>) => void; }' is not assignable to type 'IntrinsicAttributes & ButtonProps & RefAttributes<HTMLButtonElement>' with 'exactOptionalPropertyTypes: true'. Consider adding 'undefined' to the types of the target's properties.
  Property 'variant' does not exist on type 'IntrinsicAttributes & ButtonProps & RefAttributes<HTMLButtonElement>'.
client/src/components/ui/slider.tsx(2,34): error TS2307: Cannot find module '@radix-ui/react-slider' or its corresponding type declarations.
client/src/components/ui/switch.tsx(2,35): error TS2307: Cannot find module '@radix-ui/react-switch' or its corresponding type declarations.
client/src/components/ui/tabs.tsx(2,32): error TS2307: Cannot find module '@radix-ui/react-tabs' or its corresponding type declarations.
client/src/components/ui/toast.tsx(2,34): error TS2307: Cannot find module '@radix-ui/react-toast' or its corresponding type declarations.
client/src/components/ui/toast.tsx(3,40): error TS2307: Cannot find module 'class-variance-authority' or its corresponding type declarations.
client/src/components/ui/toggle-group.tsx(4,39): error TS2307: Cannot find module '@radix-ui/react-toggle-group' or its corresponding type declarations.
client/src/components/ui/toggle-group.tsx(5,35): error TS2307: Cannot find module 'class-variance-authority' or its corresponding type declarations.
client/src/components/ui/toggle.tsx(2,34): error TS2307: Cannot find module '@radix-ui/react-toggle' or its corresponding type declarations.
client/src/components/ui/toggle.tsx(3,40): error TS2307: Cannot find module 'class-variance-authority' or its corresponding type declarations.
client/src/components/ui/tooltip.tsx(4,35): error TS2307: Cannot find module '@radix-ui/react-tooltip' or its corresponding type declarations.
client/src/hooks/use-toast.ts(159,21): error TS7006: Parameter 'open' implicitly has an 'any' type.
client/src/lib/i18n.ts(1,18): error TS2307: Cannot find module 'i18next' or its corresponding type declarations.
client/src/lib/i18n.ts(2,34): error TS2307: Cannot find module 'react-i18next' or its corresponding type declarations.
client/src/lib/queryClient.ts(17,32): error TS2769: No overload matches this call.
  Overload 1 of 2, '(input: string | URL | Request, init?: RequestInit | undefined): Promise<Response>', gave the following error.
    Argument of type '{ method: string; headers: { 'Content-Type': string; } | undefined; body: string | undefined; credentials: "include"; }' is not assignable to parameter of type 'RequestInit' with 'exactOptionalPropertyTypes: true'. Consider adding 'undefined' to the types of the target's properties.
      Types of property 'body' are incompatible.
        Type 'string | undefined' is not assignable to type 'BodyInit | null'.
          Type 'undefined' is not assignable to type 'BodyInit | null'.
  Overload 2 of 2, '(input: URL | RequestInfo, init?: RequestInit | undefined): Promise<Response>', gave the following error.
    Argument of type '{ method: string; headers: { 'Content-Type': string; } | undefined; body: string | undefined; credentials: "include"; }' is not assignable to parameter of type 'RequestInit' with 'exactOptionalPropertyTypes: true'. Consider adding 'undefined' to the types of the target's properties.
      Types of property 'body' are incompatible.
        Type 'string | undefined' is not assignable to type 'BodyInit | null'.
          Type 'undefined' is not assignable to type 'BodyInit | null'.
client/src/lib/utils.ts(1,39): error TS2307: Cannot find module 'clsx' or its corresponding type declarations.
client/src/lib/utils.ts(2,25): error TS2307: Cannot find module 'tailwind-merge' or its corresponding type declarations.
client/src/pages/Appointment.tsx(2,32): error TS2307: Cannot find module 'react-i18next' or its corresponding type declarations.
client/src/pages/Contact.tsx(35,32): error TS2307: Cannot find module 'react-i18next' or its corresponding type declarations.
client/src/pages/Home.tsx(1,32): error TS2307: Cannot find module 'react-i18next' or its corresponding type declarations.
client/src/pages/Home.tsx(2,22): error TS2307: Cannot find module 'wouter' or its corresponding type declarations.
client/src/pages/Home.tsx(20,21): error TS2322: Type '{ children: any; size: string; className: string; }' is not assignable to type 'IntrinsicAttributes & ButtonProps & RefAttributes<HTMLButtonElement>'.
  Property 'size' does not exist on type 'IntrinsicAttributes & ButtonProps & RefAttributes<HTMLButtonElement>'.
client/src/pages/Home.tsx(35,18): error TS2604: JSX element type 'Icon' does not have any construct or call signatures.
client/src/pages/Home.tsx(35,18): error TS2786: 'Icon' cannot be used as a JSX component.
  Its type 'ElementType<any, keyof IntrinsicElements> | undefined' is not a valid JSX element type.
    Type 'undefined' is not assignable to type 'ElementType'.
client/src/pages/Testimonials.tsx(1,22): error TS2307: Cannot find module 'wouter' or its corresponding type declarations.
client/src/pages/Testimonials.tsx(4,32): error TS2307: Cannot find module 'react-i18next' or its corresponding type declarations.
client/src/pages/Testimonials.tsx(77,17): error TS2322: Type '{ children: any; className: string; size: string; }' is not assignable to type 'IntrinsicAttributes & ButtonProps & RefAttributes<HTMLButtonElement>'.
  Property 'size' does not exist on type 'IntrinsicAttributes & ButtonProps & RefAttributes<HTMLButtonElement>'.
client/src/pages/Testimonials.tsx(85,17): error TS2322: Type '{ children: any[]; className: string; size: string; }' is not assignable to type 'IntrinsicAttributes & ButtonProps & RefAttributes<HTMLButtonElement>'.
  Property 'size' does not exist on type 'IntrinsicAttributes & ButtonProps & RefAttributes<HTMLButtonElement>'.
client/src/utils/darkModeToggle.ts(23,7): error TS18047: 'button' is possibly 'null'.
client/src/utils/darkModeToggle.ts(25,7): error TS18047: 'button' is possibly 'null'.
server/controllers/appointments.ts(8,14): error TS2554: Expected 0 arguments, but got 1.
server/controllers/appointments.ts(11,9): error TS2349: This expression is not callable.
  Type 'Number' has no call signatures.
server/controllers/appointments.ts(19,9): error TS2349: This expression is not callable.
  Type 'Number' has no call signatures.
server/controllers/appointments.ts(22,9): error TS2349: This expression is not callable.
  Type 'Number' has no call signatures.
server/controllers/appointments.ts(28,27): error TS2339: Property 'params' does not exist on type 'Request'.
server/controllers/appointments.ts(30,14): error TS2554: Expected 0 arguments, but got 1.
server/controllers/appointments.ts(33,9): error TS2349: This expression is not callable.
  Type 'Number' has no call signatures.
server/controllers/appointments.ts(39,27): error TS2339: Property 'params' does not exist on type 'Request'.
server/controllers/appointments.ts(42,14): error TS2554: Expected 0 arguments, but got 1.
server/controllers/appointments.ts(45,9): error TS2349: This expression is not callable.
  Type 'Number' has no call signatures.
server/controllers/appointments.ts(51,27): error TS2339: Property 'params' does not exist on type 'Request'.
server/controllers/appointments.ts(52,13): error TS2339: Property 'status' does not exist on type 'ReadableStream<Uint8Array<ArrayBufferLike>> | null'.
server/controllers/appointments.ts(54,14): error TS2554: Expected 0 arguments, but got 1.
server/controllers/appointments.ts(57,9): error TS2349: This expression is not callable.
  Type 'Number' has no call signatures.
server/controllers/appointments.ts(63,27): error TS2339: Property 'params' does not exist on type 'Request'.
server/controllers/appointments.ts(65,14): error TS2554: Expected 0 arguments, but got 1.
server/controllers/appointments.ts(68,9): error TS2349: This expression is not callable.
  Type 'Number' has no call signatures.
server/controllers/auth.ts(20,18): error TS2349: This expression is not callable.
  Type 'Number' has no call signatures.
server/controllers/auth.ts(24,18): error TS2349: This expression is not callable.
  Type 'Number' has no call signatures.
server/controllers/auth.ts(28,18): error TS2349: This expression is not callable.
  Type 'Number' has no call signatures.
server/controllers/auth.ts(34,18): error TS2349: This expression is not callable.
  Type 'Number' has no call signatures.
server/controllers/auth.ts(40,18): error TS2349: This expression is not callable.
  Type 'Number' has no call signatures.
server/controllers/auth.ts(44,74): error TS4111: Property 'JWT_SECRET' comes from an index signature, so it must be accessed with ['JWT_SECRET'].
server/controllers/auth.ts(49,14): error TS2554: Expected 0 arguments, but got 1.
server/controllers/auth.ts(58,9): error TS2349: This expression is not callable.
  Type 'Number' has no call signatures.
server/controllers/contact.ts(9,25): error TS2339: Property 'params' does not exist on type 'Request'.
server/controllers/contact.ts(20,14): error TS2554: Expected 0 arguments, but got 1.
server/controllers/contact.ts(23,9): error TS2349: This expression is not callable.
  Type 'Number' has no call signatures.
server/controllers/contact.ts(33,23): error TS2349: This expression is not callable.
  Type 'Number' has no call signatures.
server/controllers/contact.ts(38,18): error TS2349: This expression is not callable.
  Type 'Number' has no call signatures.
server/controllers/contact.ts(40,14): error TS2554: Expected 0 arguments, but got 1.
server/controllers/contact.ts(43,9): error TS2349: This expression is not callable.
  Type 'Number' has no call signatures.
server/controllers/contact.ts(56,18): error TS2349: This expression is not callable.
  Type 'Number' has no call signatures.
server/controllers/contact.ts(61,54): error TS2379: Argument of type '{ email: string; name: string; phone: string; service: string; message: string | undefined; }' is not assignable to parameter of type 'Omit<ContactMessage, "id" | "createdAt">' with 'exactOptionalPropertyTypes: true'. Consider adding 'undefined' to the types of the target's properties.
  Types of property 'message' are incompatible.
    Type 'string | undefined' is not assignable to type 'string'.
      Type 'undefined' is not assignable to type 'string'.
server/controllers/contact.ts(70,9): error TS2349: This expression is not callable.
  Type 'Number' has no call signatures.
server/controllers/contact.ts(73,9): error TS2349: This expression is not callable.
  Type 'Number' has no call signatures.
server/controllers/contact.ts(83,23): error TS2349: This expression is not callable.
  Type 'Number' has no call signatures.
server/controllers/contact.ts(86,13): error TS2339: Property 'isRead' does not exist on type 'ReadableStream<Uint8Array<ArrayBufferLike>> | null'.
server/controllers/contact.ts(89,18): error TS2349: This expression is not callable.
  Type 'Number' has no call signatures.
server/controllers/contact.ts(95,10): error TS1345: An expression of type 'void' cannot be tested for truthiness.
server/controllers/contact.ts(96,18): error TS2349: This expression is not callable.
  Type 'Number' has no call signatures.
server/controllers/contact.ts(100,9): error TS2349: This expression is not callable.
  Type 'Number' has no call signatures.
server/controllers/contact.ts(103,9): error TS2349: This expression is not callable.
  Type 'Number' has no call signatures.
server/controllers/contact.ts(113,13): error TS2339: Property 'email' does not exist on type 'ReadableStream<Uint8Array<ArrayBufferLike>> | null'.
server/controllers/contact.ts(113,20): error TS2339: Property 'message' does not exist on type 'ReadableStream<Uint8Array<ArrayBufferLike>> | null'.
server/controllers/contact.ts(115,18): error TS2349: This expression is not callable.
  Type 'Number' has no call signatures.
server/controllers/contact.ts(121,9): error TS2349: This expression is not callable.
  Type 'Number' has no call signatures.
server/controllers/contact.ts(124,9): error TS2349: This expression is not callable.
  Type 'Number' has no call signatures.
server/controllers/news.ts(8,14): error TS2554: Expected 0 arguments, but got 1.
server/controllers/news.ts(10,9): error TS2349: This expression is not callable.
  Type 'Number' has no call signatures.
server/controllers/news.ts(14,40): error TS2315: Type 'Request' is not generic.
server/controllers/news.ts(17,31): error TS2349: This expression is not callable.
  Type 'Number' has no call signatures.
server/controllers/news.ts(20,27): error TS2349: This expression is not callable.
  Type 'Number' has no call signatures.
server/controllers/news.ts(22,14): error TS2554: Expected 0 arguments, but got 1.
server/controllers/news.ts(24,9): error TS2349: This expression is not callable.
  Type 'Number' has no call signatures.
server/controllers/news.ts(33,18): error TS2349: This expression is not callable.
  Type 'Number' has no call signatures.
server/controllers/news.ts(43,9): error TS2349: This expression is not callable.
  Type 'Number' has no call signatures.
server/controllers/news.ts(45,9): error TS2349: This expression is not callable.
  Type 'Number' has no call signatures.
server/controllers/news.ts(49,39): error TS2315: Type 'Request' is not generic.
server/controllers/news.ts(52,31): error TS2349: This expression is not callable.
  Type 'Number' has no call signatures.
server/controllers/news.ts(55,30): error TS2349: This expression is not callable.
  Type 'Number' has no call signatures.
server/controllers/news.ts(57,14): error TS2554: Expected 0 arguments, but got 1.
server/controllers/news.ts(59,9): error TS2349: This expression is not callable.
  Type 'Number' has no call signatures.
server/controllers/news.ts(63,39): error TS2315: Type 'Request' is not generic.
server/controllers/news.ts(66,31): error TS2349: This expression is not callable.
  Type 'Number' has no call signatures.
server/controllers/news.ts(71,18): error TS2349: This expression is not callable.
  Type 'Number' has no call signatures.
server/controllers/news.ts(75,30): error TS2349: This expression is not callable.
  Type 'Number' has no call signatures.
server/controllers/news.ts(77,14): error TS2554: Expected 0 arguments, but got 1.
server/controllers/news.ts(79,9): error TS2349: This expression is not callable.
  Type 'Number' has no call signatures.
server/controllers/users.ts(24,21): error TS2554: Expected 0 arguments, but got 1.
server/controllers/users.ts(28,8): error TS2349: This expression is not callable.
  Type 'Number' has no call signatures.
server/controllers/users.ts(37,36): error TS2315: Type 'Request' is not generic.
server/controllers/users.ts(41,8): error TS2349: This expression is not callable.
  Type 'Number' has no call signatures.
server/controllers/users.ts(48,18): error TS2349: This expression is not callable.
  Type 'Number' has no call signatures.
server/controllers/users.ts(50,21): error TS2554: Expected 0 arguments, but got 1.
server/controllers/users.ts(54,8): error TS2349: This expression is not callable.
  Type 'Number' has no call signatures.
server/controllers/users.ts(66,16): error TS2349: This expression is not callable.
  Type 'Number' has no call signatures.
server/controllers/users.ts(76,16): error TS2349: This expression is not callable.
  Type 'Number' has no call signatures.
server/controllers/users.ts(79,16): error TS2349: This expression is not callable.
  Type 'Number' has no call signatures.
server/controllers/users.ts(87,39): error TS2315: Type 'Request' is not generic.
server/controllers/users.ts(91,8): error TS2349: This expression is not callable.
  Type 'Number' has no call signatures.
server/controllers/users.ts(98,18): error TS2349: This expression is not callable.
  Type 'Number' has no call signatures.
server/controllers/users.ts(102,16): error TS2349: This expression is not callable.
  Type 'Number' has no call signatures.
server/controllers/users.ts(106,8): error TS2349: This expression is not callable.
  Type 'Number' has no call signatures.
server/controllers/users.ts(115,39): error TS2315: Type 'Request' is not generic.
server/controllers/users.ts(119,8): error TS2349: This expression is not callable.
  Type 'Number' has no call signatures.
server/controllers/users.ts(125,16): error TS2349: This expression is not callable.
  Type 'Number' has no call signatures.
server/controllers/users.ts(136,18): error TS2349: This expression is not callable.
  Type 'Number' has no call signatures.
server/controllers/users.ts(138,21): error TS2554: Expected 0 arguments, but got 1.
server/controllers/users.ts(142,8): error TS2349: This expression is not callable.
  Type 'Number' has no call signatures.
server/index.ts(12,46): error TS4111: Property 'PORT' comes from an index signature, so it must be accessed with ['PORT'].
server/index.ts(14,26): error TS4111: Property 'PORT' comes from an index signature, so it must be accessed with ['PORT'].
server/index.ts(29,16): error TS2349: This expression is not callable.
  Type 'Number' has no call signatures.
server/index.ts(35,9): error TS2349: This expression is not callable.
  Type 'Number' has no call signatures.
server/index.ts(38,9): error TS2349: This expression is not callable.
  Type 'Number' has no call signatures.
server/lib/email.ts(8,23): error TS4111: Property 'SMTP_USER' comes from an index signature, so it must be accessed with ['SMTP_USER'].
server/lib/email.ts(9,23): error TS4111: Property 'SMTP_PASS' comes from an index signature, so it must be accessed with ['SMTP_PASS'].
server/lib/email.ts(24,21): error TS4111: Property 'CONTACT_EMAIL' comes from an index signature, so it must be accessed with ['CONTACT_EMAIL'].
server/lib/jwt.ts(4,32): error TS4111: Property 'JWT_SECRET' comes from an index signature, so it must be accessed with ['JWT_SECRET'].
server/routes.ts(8,37): error TS2709: Cannot use namespace 'Application' as a type.
server/routes/contact.ts(10,25): error TS2339: Property 'getMessages' does not exist on type 'typeof import("/workspaces/centre-mandela/server/controllers/contact")'.
server/routes/index.ts(9,37): error TS2709: Cannot use namespace 'Application' as a type.
server/routes/registerRoutes.ts(9,37): error TS2709: Cannot use namespace 'Application' as a type.
server/storage.ts(141,5): error TS2375: Type '{ status: "pending" | "confirmed" | "cancelled"; createdAt: number; name: string; email: string; phone: string; service: string; message?: string | undefined; id: number; }' is not assignable to type 'Appointment' with 'exactOptionalPropertyTypes: true'. Consider adding 'undefined' to the types of the target's properties.
  Types of property 'message' are incompatible.
    Type 'string | undefined' is not assignable to type 'string'.
      Type 'undefined' is not assignable to type 'string'.
