
> centre-mandela-monorepo@1.0.0 build
> tsc --build

client/src/components/LanguageSwitcher.tsx(24,9): error TS2322: Type 'Language | undefined' is not assignable to type 'Language'.
  Type 'undefined' is not assignable to type 'Language'.
client/src/components/ServiceDetailCard.tsx(2,50): error TS2307: Cannot find module '@/types' or its corresponding type declarations.
client/src/components/ui/alert-dialog.tsx(2,39): error TS2307: Cannot find module '@radix-ui/react-alert-dialog' or its corresponding type declarations.
client/src/components/ui/aspect-ratio.tsx(1,39): error TS2307: Cannot find module '@radix-ui/react-aspect-ratio' or its corresponding type declarations.
client/src/components/ui/avatar.tsx(4,34): error TS2307: Cannot find module '@radix-ui/react-avatar' or its corresponding type declarations.
client/src/components/ui/calendar.tsx(3,27): error TS2307: Cannot find module 'react-day-picker' or its corresponding type declarations.
client/src/components/ui/calendar.tsx(48,22): error TS7031: Binding element 'className' implicitly has an 'any' type.
client/src/components/ui/calendar.tsx(51,23): error TS7031: Binding element 'className' implicitly has an 'any' type.
client/src/components/ui/carousel.tsx(2,61): error TS2307: Cannot find module 'embla-carousel-react' or its corresponding type declarations.
client/src/components/ui/chart.tsx(4,36): error TS2307: Cannot find module 'recharts' or its corresponding type declarations.
client/src/components/ui/chart.tsx(170,25): error TS7006: Parameter 'item' implicitly has an 'any' type.
client/src/components/ui/chart.tsx(170,31): error TS7006: Parameter 'index' implicitly has an 'any' type.
client/src/components/ui/chart.tsx(266,20): error TS7006: Parameter 'item' implicitly has an 'any' type.
client/src/components/ui/checkbox.tsx(2,36): error TS2307: Cannot find module '@radix-ui/react-checkbox' or its corresponding type declarations.
client/src/components/ui/command.tsx(3,45): error TS2307: Cannot find module 'cmdk' or its corresponding type declarations.
client/src/components/ui/context-menu.tsx(2,39): error TS2307: Cannot find module '@radix-ui/react-context-menu' or its corresponding type declarations.
client/src/components/ui/drawer.tsx(4,43): error TS2307: Cannot find module 'vaul' or its corresponding type declarations.
client/src/components/ui/dropdown-menu.tsx(2,40): error TS2307: Cannot find module '@radix-ui/react-dropdown-menu' or its corresponding type declarations.
client/src/components/ui/form.tsx(4,33): error TS2307: Cannot find module '@radix-ui/react-label' or its corresponding type declarations.
client/src/components/ui/hover-card.tsx(4,37): error TS2307: Cannot find module '@radix-ui/react-hover-card' or its corresponding type declarations.
client/src/components/ui/input-otp.tsx(2,43): error TS2307: Cannot find module 'input-otp' or its corresponding type declarations.
client/src/components/ui/input-otp.tsx(36,44): error TS18046: 'inputOTPContext' is of type 'unknown'.
client/src/components/ui/label.tsx(2,33): error TS2307: Cannot find module '@radix-ui/react-label' or its corresponding type declarations.
client/src/components/ui/menubar.tsx(4,35): error TS2307: Cannot find module '@radix-ui/react-menubar' or its corresponding type declarations.
client/src/components/ui/navigation-menu.tsx(2,42): error TS2307: Cannot find module '@radix-ui/react-navigation-menu' or its corresponding type declarations.
client/src/components/ui/popover.tsx(2,35): error TS2307: Cannot find module '@radix-ui/react-popover' or its corresponding type declarations.
client/src/components/ui/progress.tsx(4,36): error TS2307: Cannot find module '@radix-ui/react-progress' or its corresponding type declarations.
client/src/components/ui/radio-group.tsx(2,38): error TS2307: Cannot find module '@radix-ui/react-radio-group' or its corresponding type declarations.
client/src/components/ui/resizable.tsx(4,37): error TS2307: Cannot find module 'react-resizable-panels' or its corresponding type declarations.
client/src/components/ui/scroll-area.tsx(2,38): error TS2307: Cannot find module '@radix-ui/react-scroll-area' or its corresponding type declarations.
client/src/components/ui/select.tsx(4,34): error TS2307: Cannot find module '@radix-ui/react-select' or its corresponding type declarations.
client/src/components/ui/slider.tsx(2,34): error TS2307: Cannot find module '@radix-ui/react-slider' or its corresponding type declarations.
client/src/components/ui/switch.tsx(2,35): error TS2307: Cannot find module '@radix-ui/react-switch' or its corresponding type declarations.
client/src/components/ui/tabs.tsx(2,32): error TS2307: Cannot find module '@radix-ui/react-tabs' or its corresponding type declarations.
client/src/components/ui/toast.tsx(2,34): error TS2307: Cannot find module '@radix-ui/react-toast' or its corresponding type declarations.
client/src/components/ui/toggle-group.tsx(4,39): error TS2307: Cannot find module '@radix-ui/react-toggle-group' or its corresponding type declarations.
client/src/components/ui/toggle.tsx(2,34): error TS2307: Cannot find module '@radix-ui/react-toggle' or its corresponding type declarations.
client/src/components/ui/tooltip.tsx(4,35): error TS2307: Cannot find module '@radix-ui/react-tooltip' or its corresponding type declarations.
client/src/entry-client.tsx(3,31): error TS2307: Cannot find module 'react-router-dom' or its corresponding type declarations.
client/src/hooks/use-toast.ts(159,21): error TS7006: Parameter 'open' implicitly has an 'any' type.
client/src/lib/data/practicalInfo.ts(1,26): error TS2307: Cannot find module 'react-icons' or its corresponding type declarations.
client/src/lib/data/practicalInfo.ts(2,44): error TS2307: Cannot find module 'react-icons/fi' or its corresponding type declarations.
client/src/lib/i18n.ts(4,16): error TS6307: File '/workspaces/centre-mandela/client/src/locales/fr/translation.json' is not listed within the file list of project '/workspaces/centre-mandela/client/tsconfig.json'. Projects must list all files or use an 'include' pattern.
client/src/lib/i18n.ts(5,16): error TS6307: File '/workspaces/centre-mandela/client/src/locales/ar/translation.json' is not listed within the file list of project '/workspaces/centre-mandela/client/tsconfig.json'. Projects must list all files or use an 'include' pattern.
client/src/lib/i18n.ts(6,16): error TS6307: File '/workspaces/centre-mandela/client/src/locales/en/translation.json' is not listed within the file list of project '/workspaces/centre-mandela/client/tsconfig.json'. Projects must list all files or use an 'include' pattern.
client/src/lib/queryClient.ts(17,32): error TS2769: No overload matches this call.
  Overload 1 of 2, '(input: string | URL | Request, init?: RequestInit | undefined): Promise<Response>', gave the following error.
    Argument of type '{ method: string; headers: { 'Content-Type': string; } | undefined; body: string | undefined; credentials: "include"; }' is not assignable to parameter of type 'RequestInit' with 'exactOptionalPropertyTypes: true'. Consider adding 'undefined' to the types of the target's properties.
      Types of property 'body' are incompatible.
        Type 'string | undefined' is not assignable to type 'BodyInit | null'.
          Type 'undefined' is not assignable to type 'BodyInit | null'.
  Overload 2 of 2, '(input: URL | RequestInfo, init?: RequestInit | undefined): Promise<Response>', gave the following error.
    Argument of type '{ method: string; headers: { 'Content-Type': string; } | undefined; body: string | undefined; credentials: "include"; }' is not assignable to parameter of type 'RequestInit' with 'exactOptionalPropertyTypes: true'. Consider adding 'undefined' to the types of the target's properties.
      Types of property 'body' are incompatible.
        Type 'string | undefined' is not assignable to type 'BodyInit | null'.
          Type 'undefined' is not assignable to type 'BodyInit | null'.
client/src/lib/utils.ts(2,25): error TS2307: Cannot find module 'tailwind-merge' or its corresponding type declarations.
client/src/pages/Home.tsx(35,18): error TS2604: JSX element type 'Icon' does not have any construct or call signatures.
client/src/pages/Home.tsx(35,18): error TS2786: 'Icon' cannot be used as a JSX component.
  Its type 'ElementType<any, keyof IntrinsicElements> | undefined' is not a valid JSX element type.
    Type 'undefined' is not assignable to type 'ElementType'.
client/src/utils/darkModeToggle.ts(23,7): error TS18047: 'button' is possibly 'null'.
client/src/utils/darkModeToggle.ts(25,7): error TS18047: 'button' is possibly 'null'.
